c:\users\mikol\documents\studies\apl project\apl\ui_mainwindow.h
c:\users\mikol\documents\studies\apl project\apl\debug\moc_mainwindow.cpp
c:\users\mikol\documents\studies\apl project\apl\debug\vc142.pdb
c:\users\mikol\documents\studies\apl project\apl\debug\moc_mainwindow.obj
c:\users\mikol\documents\studies\apl project\apl\debug\model.obj
c:\users\mikol\documents\studies\apl project\apl\debug\main.obj
c:\users\mikol\documents\studies\apl project\apl\debug\mainwindow.obj
c:\users\mikol\documents\studies\apl project\apl\debug\moc_predefs.h
c:\users\mikol\documents\studies\apl project\apl\debug\apl.ilk
c:\users\mikol\documents\studies\apl project\apl\debug\apl.exe
c:\users\mikol\documents\studies\apl project\apl\debug\apl.pdb
c:\users\mikol\documents\studies\apl project\apl\debug\greyscaledll.exp
c:\users\mikol\documents\studies\apl project\apl\debug\greyscaledll.pdb
c:\users\mikol\documents\studies\apl project\apl\debug\apl.tlog\apl.write.1u.tlog
c:\users\mikol\documents\studies\apl project\apl\debug\apl.tlog\cl.command.1.tlog
c:\users\mikol\documents\studies\apl project\apl\debug\apl.tlog\cl.read.1.tlog
c:\users\mikol\documents\studies\apl project\apl\debug\apl.tlog\cl.write.1.tlog
c:\users\mikol\documents\studies\apl project\apl\debug\apl.tlog\custombuild.command.1.tlog
c:\users\mikol\documents\studies\apl project\apl\debug\apl.tlog\custombuild.read.1.tlog
c:\users\mikol\documents\studies\apl project\apl\debug\apl.tlog\custombuild.write.1.tlog
c:\users\mikol\documents\studies\apl project\apl\debug\apl.tlog\link.command.1.tlog
c:\users\mikol\documents\studies\apl project\apl\debug\apl.tlog\link.read.1.tlog
c:\users\mikol\documents\studies\apl project\apl\debug\apl.tlog\link.write.1.tlog
c:\users\mikol\documents\studies\apl project\apl\debug\apl.tlog\moc.read.1u.tlog
c:\users\mikol\documents\studies\apl project\apl\debug\apl.tlog\moc.write.1u.tlog
c:\users\mikol\documents\studies\apl project\apl\debug\apl.tlog\uic.read.1u.tlog
c:\users\mikol\documents\studies\apl project\apl\debug\apl.tlog\uic.write.1u.tlog
