c:\users\mikol\documents\studies\apl project\apl\ui_mainwindow.h
c:\users\mikol\documents\studies\apl project\apl\release\moc_mainwindow.cpp
c:\users\mikol\documents\studies\apl project\apl\release\mainwindow.obj
c:\users\mikol\documents\studies\apl project\apl\release\model.obj
c:\users\mikol\documents\studies\apl project\apl\release\main.obj
c:\users\mikol\documents\studies\apl project\apl\release\moc_mainwindow.obj
c:\users\mikol\documents\studies\apl project\apl\release\moc_predefs.h
c:\users\mikol\documents\studies\apl project\apl\release\apl.exe
c:\users\mikol\documents\studies\apl project\apl\release\greyscaledll.exp
c:\users\mikol\documents\studies\apl project\apl\release\greyscaledll.pdb
c:\users\mikol\documents\studies\apl project\apl\release\apl.tlog\apl.write.1u.tlog
c:\users\mikol\documents\studies\apl project\apl\release\apl.tlog\cl.command.1.tlog
c:\users\mikol\documents\studies\apl project\apl\release\apl.tlog\cl.read.1.tlog
c:\users\mikol\documents\studies\apl project\apl\release\apl.tlog\cl.write.1.tlog
c:\users\mikol\documents\studies\apl project\apl\release\apl.tlog\custombuild.command.1.tlog
c:\users\mikol\documents\studies\apl project\apl\release\apl.tlog\custombuild.read.1.tlog
c:\users\mikol\documents\studies\apl project\apl\release\apl.tlog\custombuild.write.1.tlog
c:\users\mikol\documents\studies\apl project\apl\release\apl.tlog\link.command.1.tlog
c:\users\mikol\documents\studies\apl project\apl\release\apl.tlog\link.read.1.tlog
c:\users\mikol\documents\studies\apl project\apl\release\apl.tlog\link.write.1.tlog
c:\users\mikol\documents\studies\apl project\apl\release\apl.tlog\moc.read.1u.tlog
c:\users\mikol\documents\studies\apl project\apl\release\apl.tlog\moc.write.1u.tlog
c:\users\mikol\documents\studies\apl project\apl\release\apl.tlog\uic.read.1u.tlog
c:\users\mikol\documents\studies\apl project\apl\release\apl.tlog\uic.write.1u.tlog
