c:\users\mikol\documents\studies\apl project\jasol\debug\jadll.lib
c:\users\mikol\documents\studies\apl project\jasol\debug\jadll.exp
c:\users\mikol\documents\studies\apl project\jasol\debug\jadll.dll
c:\users\mikol\documents\studies\apl project\jasol\jadll\debug\jadll.ilk
c:\users\mikol\documents\studies\apl project\jasol\debug\jadll.pdb
c:\users\mikol\documents\studies\apl project\jasol\jadll\debug\mydll.obj
c:\users\mikol\documents\studies\apl project\jasol\jadll\debug\jadll.tlog\jadll.write.1u.tlog
c:\users\mikol\documents\studies\apl project\jasol\jadll\debug\jadll.tlog\link.14540.delete.1.tlog
c:\users\mikol\documents\studies\apl project\jasol\jadll\debug\jadll.tlog\link.17076.delete.1.tlog
c:\users\mikol\documents\studies\apl project\jasol\jadll\debug\jadll.tlog\link.29488.delete.1.tlog
c:\users\mikol\documents\studies\apl project\jasol\jadll\debug\jadll.tlog\link.30440.delete.1.tlog
c:\users\mikol\documents\studies\apl project\jasol\jadll\debug\jadll.tlog\link.30520.delete.1.tlog
c:\users\mikol\documents\studies\apl project\jasol\jadll\debug\jadll.tlog\link.32264.delete.1.tlog
c:\users\mikol\documents\studies\apl project\jasol\jadll\debug\jadll.tlog\link.32996.delete.1.tlog
c:\users\mikol\documents\studies\apl project\jasol\jadll\debug\jadll.tlog\link.33656.delete.1.tlog
c:\users\mikol\documents\studies\apl project\jasol\jadll\debug\jadll.tlog\link.42356.delete.1.tlog
c:\users\mikol\documents\studies\apl project\jasol\jadll\debug\jadll.tlog\link.43740.delete.1.tlog
c:\users\mikol\documents\studies\apl project\jasol\jadll\debug\jadll.tlog\link.44948.delete.1.tlog
c:\users\mikol\documents\studies\apl project\jasol\jadll\debug\jadll.tlog\link.command.1.tlog
c:\users\mikol\documents\studies\apl project\jasol\jadll\debug\jadll.tlog\link.read.1.tlog
c:\users\mikol\documents\studies\apl project\jasol\jadll\debug\jadll.tlog\link.write.1.tlog
c:\users\mikol\documents\studies\apl project\jasol\jadll\debug\jadll.tlog\masm.read.1u.tlog
c:\users\mikol\documents\studies\apl project\jasol\jadll\debug\jadll.tlog\masm.write.1u.tlog
